15:43:33.883 [JavaFX Application Thread] DEBUG GameApplication      - Logger initialized
15:43:34.754 [JavaFX Application Thread] DEBUG GameApplication      - Starting FXGL
15:43:34.754 [JavaFX Application Thread] INFO  Version              - FXGL-0.3.8
15:43:34.755 [JavaFX Application Thread] INFO  Version              - Source code and latest versions at: https://github.com/AlmasB/FXGL
15:43:34.755 [JavaFX Application Thread] INFO  Version              -              Join the FXGL chat at: https://gitter.im/AlmasB/FXGL
15:43:35.921 [FXGL Launcher Thread     ] DEBUG FXGL                 - Loading FXGL system data
15:43:35.929 [FXGL Launcher Thread     ] DEBUG IOTask               - Executing task: readDataTask(system/fxgl.bundle)
15:43:35.973 [FXGL Launcher Thread     ] DEBUG FS                   - Reading from: system/fxgl.bundle
15:43:35.988 [FXGL Launcher Thread     ] DEBUG IOTask               - Task succeeded: readDataTask(system/fxgl.bundle)
15:43:35.989 [FXGL Launcher Thread     ] DEBUG Bundle               - Logging bundle: FXGL
15:43:35.990 [FXGL Launcher Thread     ] DEBUG Bundle               - FXGL.offline.timer.version.check=2017-09-26T15:40:51.902
15:43:35.992 [FXGL Launcher Thread     ] DEBUG GameApplication      - FXGL configuration complete
15:43:35.995 [FXGL Launcher Thread     ] INFO  GameApplication      - FXGL configuration took:  1.235 sec
15:43:35.996 [FXGL Launcher Thread     ] DEBUG GameApplication      - Logging game settings
Title: Hello!
Version: 0.0
Width: 800
Height: 600
Fullscreen: false
Intro: true
Menus: true
Profiling: true
App Mode: DEVELOPER
Menu Key: ESCAPE
Scene Factory: class com.almasb.fxgl.scene.SceneFactory
Dialog Factory: class com.almasb.fxgl.service.impl.display.FXGLDialogFactory
UI Factory: class com.almasb.fxgl.service.impl.ui.FXGLUIFactory
Notification Service: class com.almasb.fxgl.service.impl.notification.SlidingNotificationService
Exception Handler: class com.almasb.fxgl.app.FXGLExceptionHandler
15:43:36.003 [FXGL Launcher Thread     ] DEBUG GameApplication      - Configuring GameApplication
15:43:36.020 [FXGL Launcher Thread     ] DEBUG AppStateMachine      - Initializing application states
15:43:36.267 [FXGL Launcher Thread     ] DEBUG AssetLoader          - Asset cacheSize=35
15:43:36.269 [FXGL Launcher Thread     ] DEBUG AssetLoader          - Loading from disk: /assets/ui/cursors/fxgl_default.png
15:43:36.371 [FXGL Launcher Thread     ] DEBUG AssetLoader          - Loading from disk: /assets/ui/cursors/fxgl_default.png
15:43:36.382 [FXGL Launcher Thread     ] DEBUG AssetLoader          - Loading from disk: /assets/sounds/core/notification.wav
15:43:36.470 [FXGL Launcher Thread     ] DEBUG AssetLoader          - Loading from disk: /assets/sounds/menu/select.wav
15:43:36.476 [FXGL Launcher Thread     ] DEBUG AssetLoader          - Loading from disk: /assets/sounds/menu/back.wav
15:43:36.478 [FXGL Launcher Thread     ] DEBUG AssetLoader          - Loading from disk: /assets/sounds/menu/press.wav
15:43:36.483 [FXGL Launcher Thread     ] DEBUG AssetLoader          - Loading from disk: /assets/ui/fonts/Copperplate_Gothic_Light_Regular.ttf
15:43:36.517 [FXGL Launcher Thread     ] DEBUG AssetLoader          - Loading from disk: /assets/ui/fonts/lucida_console.ttf
15:43:36.521 [FXGL Launcher Thread     ] DEBUG AssetLoader          - Loading from disk: /assets/ui/css/fxgl_dark.css
15:43:36.522 [FXGL Launcher Thread     ] DEBUG AssetLoader          - Loading from disk: /assets/ui/icons/fxgl_icon.png
15:43:36.625 [FXGL Launcher Thread     ] DEBUG AssetLoader          - Loading from disk: /assets/ui/cursors/fxgl_default.png
15:43:36.652 [FXGL Launcher Thread     ] DEBUG FXGL.GameScene       - Game scene initialized: 800x600
15:43:36.660 [FXGL Launcher Thread     ] DEBUG FXGL.GameWorld       - Game world initialized
15:43:36.895 [FXGL Launcher Thread     ] DEBUG FXGL.PhysicsWorld    - Physics world initialized: appHeight=600, physics.ppm=50.0
15:43:36.917 [FXGL Launcher Thread     ] DEBUG AssetLoader          - Loading from disk: /assets/ui/cursors/fxgl_default.png
15:43:36.946 [FXGL Launcher Thread     ] DEBUG AssetLoader          - Loading from disk: /assets/ui/cursors/fxgl_default.png
15:43:36.951 [FXGL Launcher Thread     ] DEBUG FXGL.Menu            - createMenuBodyMainMenu()
15:43:36.965 [FXGL Launcher Thread     ] DEBUG FXGL.Menu            - createOptionsMenu()
15:43:36.978 [FXGL Launcher Thread     ] DEBUG AssetLoader          - Loading from disk: /assets/ui/cursors/fxgl_default.png
15:43:36.981 [FXGL Launcher Thread     ] DEBUG FXGL.Menu            - createMenuBodyGameMenu()
15:43:36.982 [FXGL Launcher Thread     ] DEBUG FXGL.Menu            - createOptionsMenu()
15:43:36.989 [FXGL Launcher Thread     ] INFO  GameApplication      - Game configuration took:  0.985 sec
15:43:36.994 [JavaFX Application Thread] DEBUG MainWindow           - Target size: 800.0 x 600.0 @ 1.0
15:43:36.994 [JavaFX Application Thread] DEBUG MainWindow           - New size:    800.0 x 600.0 @ 1.0
15:43:36.994 [JavaFX Application Thread] DEBUG MainWindow           - Opening main window
15:43:37.071 [JavaFX Application Thread] DEBUG MainWindow           - Root size:  800.0x600.0
15:43:37.071 [JavaFX Application Thread] DEBUG MainWindow           - Scene size: 800.0x600.0
15:43:37.071 [JavaFX Application Thread] DEBUG MainWindow           - Stage size: 800.0x622.0
15:43:37.072 [JavaFX Application Thread] DEBUG GameApplication      - Running preInit()
15:43:37.092 [JavaFX Application Thread] DEBUG Input                - Registered new binding: Screenshot - P
15:43:37.092 [JavaFX Application Thread] DEBUG Input                - Registered new binding: Dev Options - CTRL+0
15:43:37.093 [JavaFX Application Thread] DEBUG MenuEventHandler     - generateDefaultProfile()
15:43:37.094 [JavaFX Application Thread] DEBUG MenuEventHandler     - Creating default profile
15:43:37.094 [JavaFX Application Thread] DEBUG EventBus             - Firing event: SaveEvent
15:43:37.097 [JavaFX Application Thread] DEBUG AudioPlayer          - Saving data to profile
15:43:37.098 [JavaFX Application Thread] DEBUG Bundle               - Logging bundle: audio
15:43:37.098 [JavaFX Application Thread] DEBUG Bundle               - audio.musicVolume=0.5
15:43:37.098 [JavaFX Application Thread] DEBUG Bundle               - audio.soundVolume=0.5
15:43:37.098 [JavaFX Application Thread] DEBUG Input                - Saving data to profile
15:43:37.098 [JavaFX Application Thread] DEBUG Bundle               - Logging bundle: input
15:43:37.098 [JavaFX Application Thread] DEBUG Bundle               - input.Screenshot=P
15:43:37.099 [JavaFX Application Thread] DEBUG Bundle               - input.Dev Options=CTRL+0
15:43:37.111 [JavaFX Application Thread] DEBUG Bundle               - Logging bundle: gameplayStats
15:43:37.111 [JavaFX Application Thread] DEBUG Bundle               - gameplayStats.playtime=0
15:43:37.112 [JavaFX Application Thread] DEBUG AchievementManager   - Saving data to profile
15:43:37.112 [JavaFX Application Thread] DEBUG Bundle               - Logging bundle: achievement
15:43:37.165 [JavaFX Application Thread] DEBUG GameApplication      - Starting main loop
15:43:37.196 [JavaFX Application Thread] DEBUG StartupState         - STARTUP
15:43:37.196 [JavaFX Application Thread] DEBUG Input                - Clearing active input actions
15:43:37.197 [JavaFX Application Thread] DEBUG AppStateMachine      - StartupState -> IntroState
15:43:42.742 [JavaFX Application Thread] DEBUG EventBus             - Firing event: IntroFinishedEvent
15:43:42.743 [JavaFX Application Thread] DEBUG Input                - Clearing active input actions
15:43:42.743 [JavaFX Application Thread] DEBUG AppStateMachine      - IntroState -> MainMenuState
15:43:42.768 [JavaFX Application Thread] DEBUG FXGL.SaveLoadManager - Checking profiles dir: profiles/
15:43:42.768 [JavaFX Application Thread] DEBUG FXGL.SaveLoadManager - Loading profile names
15:43:42.771 [JavaFX Application Thread] DEBUG IOTask               - Showing dialog
15:43:42.777 [JavaFX Application Thread] DEBUG AppStateMachine      - Push state: DialogSubState
15:43:42.777 [JavaFX Application Thread] DEBUG Input                - Clearing active input actions
15:43:42.777 [JavaFX Application Thread] DEBUG AppStateMachine      - MainMenuState -> DialogSubState
15:43:42.785 [FXGL Background Thread 1 ] DEBUG IOTask               - Executing task: loadDirectoryNamesTask(./profiles/, false)
15:43:42.911 [JavaFX Application Thread] DEBUG IOTask               - succeed(): Dismissing dialog
15:43:42.911 [JavaFX Application Thread] DEBUG AppStateMachine      - Pop state: DialogSubState
15:43:42.911 [JavaFX Application Thread] DEBUG Input                - Clearing active input actions
15:43:42.911 [JavaFX Application Thread] DEBUG AppStateMachine      - MainMenuState <- DialogSubState
15:43:42.912 [JavaFX Application Thread] DEBUG IOTask               - Task succeeded: loadDirectoryNamesTask(./profiles/, false)
15:43:42.916 [JavaFX Application Thread] DEBUG AppStateMachine      - Push state: DialogSubState
15:43:42.916 [JavaFX Application Thread] DEBUG Input                - Clearing active input actions
15:43:42.917 [JavaFX Application Thread] DEBUG AppStateMachine      - MainMenuState -> DialogSubState
15:43:45.229 [JavaFX Application Thread] DEBUG AppStateMachine      - Pop state: DialogSubState
15:43:45.229 [JavaFX Application Thread] DEBUG Input                - Clearing active input actions
15:43:45.230 [JavaFX Application Thread] DEBUG AppStateMachine      - MainMenuState <- DialogSubState
15:43:45.230 [JavaFX Application Thread] DEBUG FXGL.SaveLoadManager - Loading profile: asd
15:43:45.232 [JavaFX Application Thread] DEBUG IOTask               - Showing dialog
15:43:45.234 [JavaFX Application Thread] DEBUG AppStateMachine      - Push state: DialogSubState
15:43:45.234 [JavaFX Application Thread] DEBUG Input                - Clearing active input actions
15:43:45.235 [JavaFX Application Thread] DEBUG AppStateMachine      - MainMenuState -> DialogSubState
15:43:45.241 [FXGL Background Thread 1 ] DEBUG IOTask               - Executing task: readDataTask(./profiles/asd/user.profile)
15:43:45.242 [FXGL Background Thread 1 ] DEBUG FS                   - Reading from: ./profiles/asd/user.profile
15:43:45.260 [JavaFX Application Thread] DEBUG IOTask               - succeed(): Dismissing dialog
15:43:45.261 [JavaFX Application Thread] DEBUG AppStateMachine      - Pop state: DialogSubState
15:43:45.261 [JavaFX Application Thread] DEBUG Input                - Clearing active input actions
15:43:45.261 [JavaFX Application Thread] DEBUG AppStateMachine      - MainMenuState <- DialogSubState
15:43:45.262 [JavaFX Application Thread] DEBUG IOTask               - Task succeeded: readDataTask(./profiles/asd/user.profile)
15:43:45.265 [JavaFX Application Thread] DEBUG AppStateMachine      - Push state: DialogSubState
15:43:45.266 [JavaFX Application Thread] DEBUG Input                - Clearing active input actions
15:43:45.266 [JavaFX Application Thread] DEBUG AppStateMachine      - MainMenuState -> DialogSubState
15:43:46.246 [JavaFX Application Thread] DEBUG AppStateMachine      - Pop state: DialogSubState
15:43:46.246 [JavaFX Application Thread] DEBUG Input                - Clearing active input actions
15:43:46.246 [JavaFX Application Thread] DEBUG AppStateMachine      - MainMenuState <- DialogSubState
15:43:46.248 [JavaFX Application Thread] DEBUG FXGL.SaveLoadManager - Loading profile names
15:43:46.248 [JavaFX Application Thread] DEBUG IOTask               - Showing dialog
15:43:46.250 [JavaFX Application Thread] DEBUG AppStateMachine      - Push state: DialogSubState
15:43:46.250 [JavaFX Application Thread] DEBUG Input                - Clearing active input actions
15:43:46.250 [JavaFX Application Thread] DEBUG AppStateMachine      - MainMenuState -> DialogSubState
15:43:46.255 [FXGL Background Thread 1 ] DEBUG IOTask               - Executing task: loadDirectoryNamesTask(./profiles/, false)
15:43:46.256 [JavaFX Application Thread] DEBUG IOTask               - succeed(): Dismissing dialog
15:43:46.257 [JavaFX Application Thread] DEBUG AppStateMachine      - Pop state: DialogSubState
15:43:46.257 [JavaFX Application Thread] DEBUG Input                - Clearing active input actions
15:43:46.257 [JavaFX Application Thread] DEBUG AppStateMachine      - MainMenuState <- DialogSubState
15:43:46.257 [JavaFX Application Thread] DEBUG IOTask               - Task succeeded: loadDirectoryNamesTask(./profiles/, false)
15:43:46.259 [JavaFX Application Thread] DEBUG AppStateMachine      - Push state: DialogSubState
15:43:46.260 [JavaFX Application Thread] DEBUG Input                - Clearing active input actions
15:43:46.260 [JavaFX Application Thread] DEBUG AppStateMachine      - MainMenuState -> DialogSubState
15:43:46.941 [JavaFX Application Thread] DEBUG AppStateMachine      - Pop state: DialogSubState
15:43:46.941 [JavaFX Application Thread] DEBUG Input                - Clearing active input actions
15:43:46.941 [JavaFX Application Thread] DEBUG AppStateMachine      - MainMenuState <- DialogSubState
15:43:46.955 [JavaFX Application Thread] DEBUG AppStateMachine      - Push state: DialogSubState
15:43:46.956 [JavaFX Application Thread] DEBUG Input                - Clearing active input actions
15:43:46.956 [JavaFX Application Thread] DEBUG AppStateMachine      - MainMenuState -> DialogSubState
15:43:48.565 [JavaFX Application Thread] DEBUG AppStateMachine      - Pop state: DialogSubState
15:43:48.565 [JavaFX Application Thread] DEBUG Input                - Clearing active input actions
15:43:48.566 [JavaFX Application Thread] DEBUG AppStateMachine      - MainMenuState <- DialogSubState
15:43:48.567 [JavaFX Application Thread] DEBUG MenuEventHandler     - Creating default profile
15:43:48.568 [JavaFX Application Thread] DEBUG EventBus             - Firing event: SaveEvent
15:43:48.568 [JavaFX Application Thread] DEBUG AudioPlayer          - Saving data to profile
15:43:48.568 [JavaFX Application Thread] DEBUG Bundle               - Logging bundle: audio
15:43:48.568 [JavaFX Application Thread] DEBUG Bundle               - audio.musicVolume=0.5
15:43:48.568 [JavaFX Application Thread] DEBUG Bundle               - audio.soundVolume=0.5
15:43:48.568 [JavaFX Application Thread] DEBUG Input                - Saving data to profile
15:43:48.568 [JavaFX Application Thread] DEBUG Bundle               - Logging bundle: input
15:43:48.568 [JavaFX Application Thread] DEBUG Bundle               - input.Screenshot=P
15:43:48.568 [JavaFX Application Thread] DEBUG Bundle               - input.Dev Options=CTRL+0
15:43:48.568 [JavaFX Application Thread] DEBUG Bundle               - Logging bundle: gameplayStats
15:43:48.568 [JavaFX Application Thread] DEBUG Bundle               - gameplayStats.playtime=0
15:43:48.568 [JavaFX Application Thread] DEBUG AchievementManager   - Saving data to profile
15:43:48.568 [JavaFX Application Thread] DEBUG Bundle               - Logging bundle: achievement
15:43:48.568 [JavaFX Application Thread] DEBUG FXGL.SaveLoadManager - Saving profile: efs
15:43:48.570 [JavaFX Application Thread] DEBUG IOTask               - Executing task: writeDataTask(./profiles/efs/user.profile)
15:43:48.571 [JavaFX Application Thread] DEBUG IOTask               - Executing task: writeDataTask(./profiles/efs/user.profile)
15:43:48.571 [JavaFX Application Thread] DEBUG FS                   - Creating directories to: ./profiles/efs
15:43:48.574 [JavaFX Application Thread] DEBUG FS                   - Writing to: ./profiles/efs/user.profile
15:43:48.576 [JavaFX Application Thread] DEBUG IOTask               - Executing task: checkSavesDir(./profiles/efs/saves/)
15:43:48.576 [JavaFX Application Thread] DEBUG FXGL.SaveLoadManager - Creating non-existent saves dir
15:43:48.577 [JavaFX Application Thread] DEBUG IOTask               - Task succeeded: writeDataTask(./profiles/efs/user.profile)
15:43:49.325 [JavaFX Application Thread] DEBUG FXGL.Menu            - fireNewGame()
15:43:49.325 [JavaFX Application Thread] DEBUG GameApplication      - Starting new game
15:43:49.325 [JavaFX Application Thread] DEBUG Input                - Clearing active input actions
15:43:49.325 [JavaFX Application Thread] DEBUG AppStateMachine      - MainMenuState -> LoadingState
15:43:49.497 [JavaFX Application Thread] DEBUG AnnotationParser     - @AddCollisionHandler: []
15:43:49.497 [JavaFX Application Thread] DEBUG AnnotationParser     - @SetEntityFactory: []
15:43:49.499 [FXGL Background Thread 1 ] DEBUG InitAppTask          - Clearing previous game
15:43:49.499 [FXGL Background Thread 1 ] DEBUG FXGL.GameWorld       - Clearing game world
15:43:49.501 [FXGL Background Thread 1 ] DEBUG FXGL.PhysicsWorld    - Clearing physics world
15:43:49.501 [FXGL Background Thread 1 ] DEBUG FXGL.GameScene       - Clearing game scene
15:43:49.501 [FXGL Background Thread 1 ] DEBUG InitAppTask          - Initializing Assets
15:43:49.502 [FXGL Background Thread 1 ] DEBUG InitAppTask          - Initializing Game
15:43:49.554 [FXGL Background Thread 1 ] DEBUG FXGL.GameScene       - Creating render group for layer: TOP(2147483647)
15:43:49.563 [FXGL Background Thread 1 ] DEBUG InitAppTask          - Initializing Physics
15:43:49.563 [FXGL Background Thread 1 ] DEBUG InitAppTask          - Initializing UI
15:43:49.564 [FXGL Background Thread 1 ] DEBUG InitAppTask          - Initialization Complete
15:43:49.564 [FXGL Background Thread 1 ] INFO  InitAppTask          - Game initialization took: 0.065 sec
15:43:49.579 [JavaFX Application Thread] DEBUG Input                - Clearing active input actions
15:43:49.579 [JavaFX Application Thread] DEBUG AppStateMachine      - LoadingState -> PlayState
15:43:55.196 [JavaFX Application Thread] DEBUG AppStateMachine      - Push state: DialogSubState
15:43:55.197 [JavaFX Application Thread] DEBUG Input                - Clearing active input actions
15:43:55.197 [JavaFX Application Thread] DEBUG AppStateMachine      - PlayState -> DialogSubState
15:43:56.197 [JavaFX Application Thread] DEBUG AppStateMachine      - Pop state: DialogSubState
15:43:56.198 [JavaFX Application Thread] DEBUG Input                - Clearing active input actions
15:43:56.198 [JavaFX Application Thread] DEBUG AppStateMachine      - PlayState <- DialogSubState
15:43:56.198 [JavaFX Application Thread] DEBUG GameApplication      - Exiting game application
15:43:56.199 [JavaFX Application Thread] DEBUG MenuEventHandler     - Creating default profile
15:43:56.199 [JavaFX Application Thread] DEBUG EventBus             - Firing event: SaveEvent
15:43:56.199 [JavaFX Application Thread] DEBUG AudioPlayer          - Saving data to profile
15:43:56.199 [JavaFX Application Thread] DEBUG Bundle               - Logging bundle: audio
15:43:56.199 [JavaFX Application Thread] DEBUG Bundle               - audio.musicVolume=0.5
15:43:56.199 [JavaFX Application Thread] DEBUG Bundle               - audio.soundVolume=0.5
15:43:56.199 [JavaFX Application Thread] DEBUG Input                - Saving data to profile
15:43:56.199 [JavaFX Application Thread] DEBUG Bundle               - Logging bundle: input
15:43:56.200 [JavaFX Application Thread] DEBUG Bundle               - input.Screenshot=P
15:43:56.200 [JavaFX Application Thread] DEBUG Bundle               - input.Dev Options=CTRL+0
15:43:56.200 [JavaFX Application Thread] DEBUG Bundle               - Logging bundle: gameplayStats
15:43:56.200 [JavaFX Application Thread] DEBUG Bundle               - gameplayStats.playtime=5789124426
15:43:56.200 [JavaFX Application Thread] DEBUG AchievementManager   - Saving data to profile
15:43:56.200 [JavaFX Application Thread] DEBUG Bundle               - Logging bundle: achievement
15:43:56.200 [JavaFX Application Thread] DEBUG FXGL.SaveLoadManager - Saving profile: efs
15:43:56.200 [JavaFX Application Thread] DEBUG IOTask               - Executing task: writeDataTask(./profiles/efs/user.profile)
15:43:56.200 [JavaFX Application Thread] DEBUG IOTask               - Executing task: writeDataTask(./profiles/efs/user.profile)
15:43:56.201 [JavaFX Application Thread] DEBUG FS                   - Writing to: ./profiles/efs/user.profile
15:43:56.202 [JavaFX Application Thread] DEBUG IOTask               - Executing task: checkSavesDir(./profiles/efs/saves/)
15:43:56.203 [JavaFX Application Thread] DEBUG IOTask               - Task succeeded: writeDataTask(./profiles/efs/user.profile)
15:43:56.203 [JavaFX Application Thread] INFO  Profiler             - Processed Frames: 1085
15:43:56.204 [JavaFX Application Thread] INFO  Profiler             - Average FPS: 58
15:43:56.204 [JavaFX Application Thread] INFO  Profiler             - Avg Frame Took: 0.25 ms
15:43:56.204 [JavaFX Application Thread] INFO  Profiler             - Avg Memory Usage: 41 MB
15:43:56.205 [JavaFX Application Thread] INFO  Profiler             - Min Memory Usage: 10 MB
15:43:56.206 [JavaFX Application Thread] INFO  Profiler             - Max Memory Usage: 68 MB
15:43:56.206 [JavaFX Application Thread] INFO  Profiler             - Estimated GC runs: 2
15:43:56.206 [JavaFX Application Thread] DEBUG GameApplication      - Exiting FXGL
15:43:56.206 [JavaFX Application Thread] DEBUG FXGL                 - Saving FXGL system data
15:43:56.208 [JavaFX Application Thread] DEBUG IOTask               - Executing task: writeDataTask(system/fxgl.bundle)
15:43:56.210 [JavaFX Application Thread] DEBUG FS                   - Writing to: system/fxgl.bundle
15:43:56.217 [JavaFX Application Thread] DEBUG IOTask               - Task succeeded: writeDataTask(system/fxgl.bundle)
15:43:56.217 [JavaFX Application Thread] DEBUG GameApplication      - Closing logger and exiting JavaFX
